#-----------------------------------------------------------
# Vivado v2016.4 (64-bit)
# SW Build 1756540 on Mon Jan 23 19:11:23 MST 2017
# IP Build 1755317 on Mon Jan 23 20:30:07 MST 2017
# Start of session at: Wed Jun 14 01:45:41 2017
# Process ID: 4756
# Current directory: C:/Users/Acer/Desktop/UART_hdl-master/esclavo_endpoint_uart
# Command line: vivado.exe -gui_launcher_event rodinguilauncherevent10692 C:\Users\Acer\Desktop\UART_hdl-master\esclavo_endpoint_uart\esclavo_endpoint_uart.xpr
# Log file: C:/Users/Acer/Desktop/UART_hdl-master/esclavo_endpoint_uart/vivado.log
# Journal file: C:/Users/Acer/Desktop/UART_hdl-master/esclavo_endpoint_uart\vivado.jou
#-----------------------------------------------------------
start_gui
open_project C:/Users/Acer/Desktop/UART_hdl-master/esclavo_endpoint_uart/esclavo_endpoint_uart.xpr
Scanning sources...
Finished scanning sources
WARNING: [filemgmt 56-3] IPUserFilesDir: Could not find the directory 'C:/Users/Acer/Desktop/UART_hdl-master/esclavo_endpoint_uart/esclavo_endpoint_uart.ip_user_files'.
INFO: [IP_Flow 19-234] Refreshing IP repositories
INFO: [IP_Flow 19-1704] No user IP repositories specified
INFO: [IP_Flow 19-2313] Loaded Vivado IP repository 'C:/Xilinx/Vivado/2016.4/data/ip'.
open_project: Time (s): cpu = 00:00:25 ; elapsed = 00:00:12 . Memory (MB): peak = 761.715 ; gain = 98.621
exit
INFO: [Common 17-206] Exiting Vivado at Wed Jun 14 01:46:47 2017...
